{"C:\\Users\\stian\\WebstormProjects\\clientServer\\react-services\\server\\dao\\NyhetssakDao.js": {"path":"C:\\Users\\stian\\WebstormProjects\\clientServer\\react-services\\server\\dao\\NyhetssakDao.js","statementMap":{"0":{"start":{"line":3,"column":12},"end":{"line":3,"column":31}},"1":{"start":{"line":5,"column":0},"end":{"line":158,"column":2}},"2":{"start":{"line":7,"column":6},"end":{"line":11,"column":8}},"3":{"start":{"line":15,"column":4},"end":{"line":19,"column":5}},"4":{"start":{"line":23,"column":4},"end":{"line":27,"column":5}},"5":{"start":{"line":31,"column":4},"end":{"line":35,"column":6}},"6":{"start":{"line":39,"column":4},"end":{"line":43,"column":5}},"7":{"start":{"line":47,"column":6},"end":{"line":51,"column":8}},"8":{"start":{"line":55,"column":4},"end":{"line":59,"column":6}},"9":{"start":{"line":71,"column":6},"end":{"line":75,"column":8}},"10":{"start":{"line":79,"column":21},"end":{"line":79,"column":46}},"11":{"start":{"line":80,"column":4},"end":{"line":84,"column":6}},"12":{"start":{"line":88,"column":16},"end":{"line":88,"column":97}},"13":{"start":{"line":89,"column":6},"end":{"line":89,"column":30}},"14":{"start":{"line":90,"column":6},"end":{"line":94,"column":8}},"15":{"start":{"line":98,"column":20},"end":{"line":98,"column":72}},"16":{"start":{"line":99,"column":4},"end":{"line":99,"column":40}},"17":{"start":{"line":100,"column":4},"end":{"line":104,"column":6}},"18":{"start":{"line":108,"column":4},"end":{"line":108,"column":31}},"19":{"start":{"line":109,"column":4},"end":{"line":113,"column":5}},"20":{"start":{"line":117,"column":21},"end":{"line":117,"column":61}},"21":{"start":{"line":118,"column":4},"end":{"line":122,"column":6}},"22":{"start":{"line":126,"column":26},"end":{"line":126,"column":113}},"23":{"start":{"line":127,"column":6},"end":{"line":131,"column":8}},"24":{"start":{"line":135,"column":6},"end":{"line":139,"column":8}},"25":{"start":{"line":143,"column":4},"end":{"line":143,"column":28}},"26":{"start":{"line":144,"column":4},"end":{"line":148,"column":5}},"27":{"start":{"line":152,"column":4},"end":{"line":156,"column":5}}},"fnMap":{"0":{"name":"(anonymous_0)","decl":{"start":{"line":6,"column":2},"end":{"line":6,"column":3}},"loc":{"start":{"line":6,"column":93},"end":{"line":12,"column":3}},"line":6},"1":{"name":"(anonymous_1)","decl":{"start":{"line":14,"column":2},"end":{"line":14,"column":3}},"loc":{"start":{"line":14,"column":71},"end":{"line":20,"column":3}},"line":14},"2":{"name":"(anonymous_2)","decl":{"start":{"line":22,"column":2},"end":{"line":22,"column":3}},"loc":{"start":{"line":22,"column":92},"end":{"line":28,"column":3}},"line":22},"3":{"name":"(anonymous_3)","decl":{"start":{"line":30,"column":2},"end":{"line":30,"column":3}},"loc":{"start":{"line":30,"column":70},"end":{"line":36,"column":3}},"line":30},"4":{"name":"(anonymous_4)","decl":{"start":{"line":38,"column":2},"end":{"line":38,"column":3}},"loc":{"start":{"line":38,"column":121},"end":{"line":44,"column":3}},"line":38},"5":{"name":"(anonymous_5)","decl":{"start":{"line":46,"column":2},"end":{"line":46,"column":3}},"loc":{"start":{"line":46,"column":118},"end":{"line":52,"column":3}},"line":46},"6":{"name":"(anonymous_6)","decl":{"start":{"line":54,"column":2},"end":{"line":54,"column":3}},"loc":{"start":{"line":54,"column":69},"end":{"line":60,"column":3}},"line":54},"7":{"name":"(anonymous_7)","decl":{"start":{"line":70,"column":2},"end":{"line":70,"column":3}},"loc":{"start":{"line":70,"column":75},"end":{"line":76,"column":3}},"line":70},"8":{"name":"(anonymous_8)","decl":{"start":{"line":78,"column":2},"end":{"line":78,"column":3}},"loc":{"start":{"line":78,"column":94},"end":{"line":85,"column":3}},"line":78},"9":{"name":"(anonymous_9)","decl":{"start":{"line":87,"column":2},"end":{"line":87,"column":3}},"loc":{"start":{"line":87,"column":82},"end":{"line":95,"column":3}},"line":87},"10":{"name":"(anonymous_10)","decl":{"start":{"line":97,"column":2},"end":{"line":97,"column":3}},"loc":{"start":{"line":97,"column":82},"end":{"line":105,"column":3}},"line":97},"11":{"name":"(anonymous_11)","decl":{"start":{"line":107,"column":2},"end":{"line":107,"column":3}},"loc":{"start":{"line":107,"column":145},"end":{"line":114,"column":3}},"line":107},"12":{"name":"(anonymous_12)","decl":{"start":{"line":116,"column":2},"end":{"line":116,"column":3}},"loc":{"start":{"line":116,"column":109},"end":{"line":123,"column":3}},"line":116},"13":{"name":"(anonymous_13)","decl":{"start":{"line":125,"column":2},"end":{"line":125,"column":3}},"loc":{"start":{"line":125,"column":97},"end":{"line":132,"column":3}},"line":125},"14":{"name":"(anonymous_14)","decl":{"start":{"line":134,"column":2},"end":{"line":134,"column":3}},"loc":{"start":{"line":134,"column":81},"end":{"line":140,"column":3}},"line":134},"15":{"name":"(anonymous_15)","decl":{"start":{"line":142,"column":2},"end":{"line":142,"column":3}},"loc":{"start":{"line":142,"column":89},"end":{"line":149,"column":3}},"line":142},"16":{"name":"(anonymous_16)","decl":{"start":{"line":151,"column":2},"end":{"line":151,"column":3}},"loc":{"start":{"line":151,"column":63},"end":{"line":157,"column":3}},"line":151}},"branchMap":{},"s":{"0":1,"1":1,"2":1,"3":1,"4":1,"5":1,"6":1,"7":1,"8":1,"9":1,"10":1,"11":1,"12":1,"13":1,"14":1,"15":1,"16":1,"17":1,"18":1,"19":1,"20":1,"21":1,"22":1,"23":1,"24":1,"25":1,"26":1,"27":1},"f":{"0":1,"1":1,"2":1,"3":1,"4":1,"5":1,"6":1,"7":1,"8":1,"9":1,"10":1,"11":1,"12":1,"13":1,"14":1,"15":1,"16":1},"b":{},"_coverageSchema":"332fd63041d2c1bcb487cc26dd0d5f7d97098a6c","hash":"3e6f96943dbc1408ef421d17a3a77c147366706b"}
,"C:\\Users\\stian\\WebstormProjects\\clientServer\\react-services\\server\\dao\\dao.js": {"path":"C:\\Users\\stian\\WebstormProjects\\clientServer\\react-services\\server\\dao\\dao.js","statementMap":{"0":{"start":{"line":1,"column":0},"end":{"line":30,"column":2}},"1":{"start":{"line":3,"column":8},"end":{"line":3,"column":25}},"2":{"start":{"line":7,"column":8},"end":{"line":28,"column":11}},"3":{"start":{"line":8,"column":12},"end":{"line":8,"column":54}},"4":{"start":{"line":9,"column":12},"end":{"line":27,"column":13}},"5":{"start":{"line":10,"column":16},"end":{"line":10,"column":53}},"6":{"start":{"line":11,"column":16},"end":{"line":11,"column":68}},"7":{"start":{"line":13,"column":16},"end":{"line":13,"column":56}},"8":{"start":{"line":14,"column":16},"end":{"line":26,"column":19}},"9":{"start":{"line":15,"column":20},"end":{"line":15,"column":41}},"10":{"start":{"line":16,"column":20},"end":{"line":25,"column":21}},"11":{"start":{"line":17,"column":24},"end":{"line":17,"column":41}},"12":{"start":{"line":18,"column":24},"end":{"line":18,"column":67}},"13":{"start":{"line":19,"column":27},"end":{"line":25,"column":21}},"14":{"start":{"line":20,"column":24},"end":{"line":20,"column":45}},"15":{"start":{"line":21,"column":24},"end":{"line":21,"column":64}},"16":{"start":{"line":23,"column":24},"end":{"line":23,"column":71}},"17":{"start":{"line":24,"column":24},"end":{"line":24,"column":44}}},"fnMap":{"0":{"name":"(anonymous_0)","decl":{"start":{"line":2,"column":4},"end":{"line":2,"column":5}},"loc":{"start":{"line":2,"column":21},"end":{"line":4,"column":5}},"line":2},"1":{"name":"(anonymous_1)","decl":{"start":{"line":6,"column":4},"end":{"line":6,"column":5}},"loc":{"start":{"line":6,"column":33},"end":{"line":29,"column":5}},"line":6},"2":{"name":"(anonymous_2)","decl":{"start":{"line":7,"column":32},"end":{"line":7,"column":33}},"loc":{"start":{"line":7,"column":53},"end":{"line":28,"column":9}},"line":7},"3":{"name":"(anonymous_3)","decl":{"start":{"line":14,"column":46},"end":{"line":14,"column":47}},"loc":{"start":{"line":14,"column":61},"end":{"line":26,"column":17}},"line":14}},"branchMap":{"0":{"loc":{"start":{"line":9,"column":12},"end":{"line":27,"column":13}},"type":"if","locations":[{"start":{"line":9,"column":12},"end":{"line":27,"column":13}},{"start":{"line":9,"column":12},"end":{"line":27,"column":13}}],"line":9},"1":{"loc":{"start":{"line":16,"column":20},"end":{"line":25,"column":21}},"type":"if","locations":[{"start":{"line":16,"column":20},"end":{"line":25,"column":21}},{"start":{"line":16,"column":20},"end":{"line":25,"column":21}}],"line":16},"2":{"loc":{"start":{"line":19,"column":27},"end":{"line":25,"column":21}},"type":"if","locations":[{"start":{"line":19,"column":27},"end":{"line":25,"column":21}},{"start":{"line":19,"column":27},"end":{"line":25,"column":21}}],"line":19}},"s":{"0":1,"1":3,"2":19,"3":19,"4":19,"5":1,"6":1,"7":18,"8":18,"9":18,"10":18,"11":1,"12":1,"13":17,"14":0,"15":0,"16":17,"17":17},"f":{"0":3,"1":19,"2":19,"3":18},"b":{"0":[1,18],"1":[1,17],"2":[0,17]},"_coverageSchema":"332fd63041d2c1bcb487cc26dd0d5f7d97098a6c","hash":"26c31751de2e15723db99b8ee54c4873246051ed"}
,"C:\\Users\\stian\\WebstormProjects\\clientServer\\react-services\\server\\dao\\runsqlfile.js": {"path":"C:\\Users\\stian\\WebstormProjects\\clientServer\\react-services\\server\\dao\\runsqlfile.js","statementMap":{"0":{"start":{"line":1,"column":12},"end":{"line":1,"column":28}},"1":{"start":{"line":2,"column":9},"end":{"line":2,"column":22}},"2":{"start":{"line":4,"column":0},"end":{"line":25,"column":2}},"3":{"start":{"line":5,"column":4},"end":{"line":5,"column":56}},"4":{"start":{"line":6,"column":14},"end":{"line":6,"column":47}},"5":{"start":{"line":7,"column":4},"end":{"line":24,"column":7}},"6":{"start":{"line":8,"column":8},"end":{"line":23,"column":9}},"7":{"start":{"line":9,"column":12},"end":{"line":9,"column":56}},"8":{"start":{"line":10,"column":12},"end":{"line":10,"column":19}},"9":{"start":{"line":12,"column":12},"end":{"line":12,"column":49}},"10":{"start":{"line":13,"column":12},"end":{"line":22,"column":15}},"11":{"start":{"line":14,"column":16},"end":{"line":14,"column":37}},"12":{"start":{"line":15,"column":16},"end":{"line":21,"column":17}},"13":{"start":{"line":16,"column":20},"end":{"line":16,"column":37}},"14":{"start":{"line":17,"column":20},"end":{"line":17,"column":27}},"15":{"start":{"line":19,"column":20},"end":{"line":19,"column":54}},"16":{"start":{"line":20,"column":20},"end":{"line":20,"column":27}}},"fnMap":{"0":{"name":"run","decl":{"start":{"line":4,"column":26},"end":{"line":4,"column":29}},"loc":{"start":{"line":4,"column":52},"end":{"line":25,"column":1}},"line":4},"1":{"name":"(anonymous_1)","decl":{"start":{"line":7,"column":23},"end":{"line":7,"column":24}},"loc":{"start":{"line":7,"column":44},"end":{"line":24,"column":5}},"line":7},"2":{"name":"(anonymous_2)","decl":{"start":{"line":13,"column":34},"end":{"line":13,"column":35}},"loc":{"start":{"line":13,"column":49},"end":{"line":22,"column":13}},"line":13}},"branchMap":{"0":{"loc":{"start":{"line":8,"column":8},"end":{"line":23,"column":9}},"type":"if","locations":[{"start":{"line":8,"column":8},"end":{"line":23,"column":9}},{"start":{"line":8,"column":8},"end":{"line":23,"column":9}}],"line":8},"1":{"loc":{"start":{"line":15,"column":16},"end":{"line":21,"column":17}},"type":"if","locations":[{"start":{"line":15,"column":16},"end":{"line":21,"column":17}},{"start":{"line":15,"column":16},"end":{"line":21,"column":17}}],"line":15}},"s":{"0":1,"1":1,"2":1,"3":2,"4":2,"5":2,"6":2,"7":0,"8":0,"9":2,"10":2,"11":2,"12":2,"13":0,"14":0,"15":2,"16":2},"f":{"0":2,"1":2,"2":2},"b":{"0":[0,2],"1":[0,2]},"_coverageSchema":"332fd63041d2c1bcb487cc26dd0d5f7d97098a6c","hash":"0a83abfee72ce6b9a7aa8d16c1ee8badf07cc8ae"}
}
